info it worked if it ends with ok
verbose cli [ 'node', '/usr/local/bin/npm', 'install', 'railway', '-g' ]
info using npm@1.1.0-alpha-2
info using node@v0.6.3
verbose config file /home/cheng19840218/.npmrc
verbose config file /usr/local/etc/npmrc
verbose config file /usr/local/lib/node_modules/npm/npmrc
silly exec /usr/local/bin/node "/usr/local/lib/node_modules/npm/bin/npm-get-uid-gid.js" "nobody" 1000
silly spawning [ '/usr/local/bin/node',
silly spawning   [ '/usr/local/lib/node_modules/npm/bin/npm-get-uid-gid.js',
silly spawning     'nobody',
silly spawning     1000 ],
silly spawning   null ]
silly output from getuid/gid {"uid":65534,"gid":1000}
silly output from getuid/gid 
verbose into /usr/local/lib [ 'railway' ]
verbose cache add railway
verbose cache add [ 'railway', null ]
silly cache add: name, spec, args [ undefined, 'railway', [ 'railway', null ] ]
verbose parsed url { pathname: 'railway', path: 'railway', href: 'railway' }
info addNamed [ 'railway', '' ]
verbose addNamed [ null, '' ]
verbose GET railway
verbose raw, before any munging railway
verbose url resolving [ 'https://registry.npmjs.org/', './railway' ]
verbose url resolved https://registry.npmjs.org/railway
silly get cb [ 200,
silly get cb   { vary: 'Accept',
silly get cb     server: 'CouchDB/1.1.0 (Erlang OTP/R14B04)',
silly get cb     etag: '"NJNGWKSU5QJLLJEFBE3KKEPC"',
silly get cb     date: 'Fri, 02 Dec 2011 16:25:30 GMT',
silly get cb     'content-type': 'application/json',
silly get cb     'content-length': '14426' } ]
verbose mkdir (expected) error ENOENT, no such file or directory '/home/cheng19840218/.npm/railway'
verbose mkdir done: /home/cheng19840218/.npm/railway 755
verbose GET railway/0.2.0
verbose raw, before any munging railway/0.2.0
verbose url resolving [ 'https://registry.npmjs.org/', './railway/0.2.0' ]
verbose url resolved https://registry.npmjs.org/railway/0.2.0
silly get cb [ 200,
silly get cb   { vary: 'Accept',
silly get cb     server: 'CouchDB/1.1.0 (Erlang OTP/R14B04)',
silly get cb     etag: '"NJNGWKSU5QJLLJEFBE3KKEPC"',
silly get cb     date: 'Fri, 02 Dec 2011 16:25:33 GMT',
silly get cb     'content-type': 'application/json',
silly get cb     'content-length': '1100' } ]
verbose mkdir (expected) error ENOENT, no such file or directory '/home/cheng19840218/.npm/railway/0.2.0'
verbose mkdir done: /home/cheng19840218/.npm/railway/0.2.0 755
verbose bin dist [ '0.6-ares1.7.5-DEV-evundefined-openssl0.9.8k-v83.6.6.8-linux-ia32-2.6.32-21-generic',
verbose bin dist   { shasum: 'e8121fdc561cc90575bf7d522b8a03a2ec2ea98a',
verbose bin dist     tarball: 'http://registry.npmjs.org/railway/-/railway-0.2.0.tgz' } ]
verbose addRemoteTarball [ 'https://registry.npmjs.org/railway/-/railway-0.2.0.tgz',
verbose addRemoteTarball   'e8121fdc561cc90575bf7d522b8a03a2ec2ea98a' ]
verbose mkdir (expected) error ENOENT, no such file or directory '/tmp/npm-1322843137860'
verbose mkdir (expected) error ENOENT, no such file or directory '/tmp/npm-1322843137860/1322843137860-0.3609026533085853'
verbose mkdir done: /tmp/npm-1322843137860/1322843137860-0.3609026533085853 755
info fetch https://registry.npmjs.org/railway/-/railway-0.2.0.tgz
verbose fetch to /tmp/npm-1322843137860/1322843137860-0.3609026533085853/tmp.tgz
silly updated sha bytes 40960
silly updated sha bytes 40960
silly updated sha bytes 40960
silly updated sha bytes 40960
info shasum e8121fdc561cc90575bf7d522b8a03a2ec2ea98a
info shasum /tmp/npm-1322843137860/1322843137860-0.3609026533085853/tmp.tgz
verbose mkdir (expected) error ENOENT, no such file or directory '/tmp/npm-1322843137860/1322843137860-0.3609026533085853/___package.npm'
verbose mkdir done: /tmp/npm-1322843137860/1322843137860-0.3609026533085853/___package.npm 755
verbose unpack_ uid, gid [ 1000, 1000 ]
verbose unpackTarget /tmp/npm-1322843137860/1322843137860-0.3609026533085853/package
silly gunzTarPerm modes [ '755', '644' ]
ERR! TypeError: Bad argument
ERR!     at Object._open (fs.js:224:11)
ERR!     at open (/usr/local/lib/node_modules/npm/node_modules/graceful-fs/graceful-fs.js:73:6)
ERR!     at Object.open (/usr/local/lib/node_modules/npm/node_modules/graceful-fs/graceful-fs.js:67:3)
ERR!     at Object.lutimes (/usr/local/lib/node_modules/npm/node_modules/graceful-fs/graceful-fs.js:28:6)
ERR!     at setProps (/usr/local/lib/node_modules/npm/node_modules/fstream/lib/writer.js:267:18)
ERR!     at Object.oncomplete (/usr/local/lib/node_modules/npm/node_modules/fstream/lib/writer.js:205:7)
ERR! Report this *entire* log at:
ERR!     <http://github.com/isaacs/npm/issues>
ERR! or email it to:
ERR!     <npm-@googlegroups.com>
ERR! 
ERR! System Linux 2.6.32-21-generic
ERR! command "node" "/usr/local/bin/npm" "install" "railway" "-g"
ERR! cwd /home/cheng19840218/node
ERR! node -v v0.6.3
ERR! npm -v 1.1.0-alpha-2
ERR! message Bad argument
verbose exit [ 1, true ]
